<?xml version="1.0" encoding="UTF-8"?>
<testsuite xmlns:xsi="http://www.w3.org/2001/XMLSchema-instance" xsi:noNamespaceSchemaLocation="https://maven.apache.org/surefire/maven-surefire-plugin/xsd/surefire-test-report.xsd" name="EmployeesTest" time="0.674" tests="30" errors="0" skipped="0" failures="0">
  <properties>
    <property name="sun.desktop" value="windows"/>
    <property name="awt.toolkit" value="sun.awt.windows.WToolkit"/>
    <property name="java.specification.version" value="11"/>
    <property name="sun.cpu.isalist" value="amd64"/>
    <property name="sun.jnu.encoding" value="Cp1252"/>
    <property name="java.class.path" value="D:\BeansProjects\mooc-java-programming-ii\part10-Part10_16.EnumAndIterator\target\test-classes;D:\BeansProjects\mooc-java-programming-ii\part10-Part10_16.EnumAndIterator\target\classes;C:\Users\User\.m2\repository\junit\junit\4.12\junit-4.12.jar;C:\Users\User\.m2\repository\org\hamcrest\hamcrest-core\1.3\hamcrest-core-1.3.jar;C:\Users\User\.m2\repository\fi\helsinki\cs\tmc\edu-test-utils\0.4.2\edu-test-utils-0.4.2.jar;"/>
    <property name="java.vm.vendor" value="Oracle Corporation"/>
    <property name="sun.arch.data.model" value="64"/>
    <property name="user.variant" value=""/>
    <property name="java.vendor.url" value="https://openjdk.java.net/"/>
    <property name="user.timezone" value="Asia/Karachi"/>
    <property name="java.vm.specification.version" value="11"/>
    <property name="os.name" value="Windows 10"/>
    <property name="sun.java.launcher" value="SUN_STANDARD"/>
    <property name="user.country" value="US"/>
    <property name="sun.boot.library.path" value="C:\Program Files\Java\jdk-11.0.17\bin"/>
    <property name="sun.java.command" value="C:\Users\User\AppData\Local\Temp\surefire8319102955004647457\surefirebooter13663276928271955028.jar C:\Users\User\AppData\Local\Temp\surefire8319102955004647457 2023-11-23T11-53-02_931-jvmRun1 surefire8343493222697689383tmp surefire_016347732086969374425tmp"/>
    <property name="jdk.debug" value="release"/>
    <property name="surefire.test.class.path" value="D:\BeansProjects\mooc-java-programming-ii\part10-Part10_16.EnumAndIterator\target\test-classes;D:\BeansProjects\mooc-java-programming-ii\part10-Part10_16.EnumAndIterator\target\classes;C:\Users\User\.m2\repository\junit\junit\4.12\junit-4.12.jar;C:\Users\User\.m2\repository\org\hamcrest\hamcrest-core\1.3\hamcrest-core-1.3.jar;C:\Users\User\.m2\repository\fi\helsinki\cs\tmc\edu-test-utils\0.4.2\edu-test-utils-0.4.2.jar;"/>
    <property name="sun.cpu.endian" value="little"/>
    <property name="user.home" value="C:\Users\User"/>
    <property name="user.language" value="en"/>
    <property name="java.specification.vendor" value="Oracle Corporation"/>
    <property name="java.version.date" value="2022-10-18"/>
    <property name="java.home" value="C:\Program Files\Java\jdk-11.0.17"/>
    <property name="file.separator" value="\"/>
    <property name="basedir" value="D:\BeansProjects\mooc-java-programming-ii\part10-Part10_16.EnumAndIterator"/>
    <property name="java.vm.compressedOopsMode" value="32-bit"/>
    <property name="line.separator" value="&#10;"/>
    <property name="java.specification.name" value="Java Platform API Specification"/>
    <property name="java.vm.specification.vendor" value="Oracle Corporation"/>
    <property name="java.awt.graphicsenv" value="sun.awt.Win32GraphicsEnvironment"/>
    <property name="surefire.real.class.path" value="C:\Users\User\AppData\Local\Temp\surefire8319102955004647457\surefirebooter13663276928271955028.jar"/>
    <property name="jdk.net.URLClassPath.disableClassPathURLCheck" value="true"/>
    <property name="user.script" value=""/>
    <property name="sun.management.compiler" value="HotSpot 64-Bit Tiered Compilers"/>
    <property name="java.runtime.version" value="11.0.17+10-LTS-269"/>
    <property name="user.name" value="User"/>
    <property name="path.separator" value=";"/>
    <property name="os.version" value="10.0"/>
    <property name="java.runtime.name" value="Java(TM) SE Runtime Environment"/>
    <property name="file.encoding" value="Cp1252"/>
    <property name="java.vm.name" value="Java HotSpot(TM) 64-Bit Server VM"/>
    <property name="java.vendor.version" value="18.9"/>
    <property name="localRepository" value="C:\Users\User\.m2\repository"/>
    <property name="java.vendor.url.bug" value="https://bugreport.java.com/bugreport/"/>
    <property name="java.io.tmpdir" value="C:\Users\User\AppData\Local\Temp\"/>
    <property name="idea.version" value="2023.1.3"/>
    <property name="java.version" value="11.0.17"/>
    <property name="user.dir" value="D:\BeansProjects\mooc-java-programming-ii\part10-Part10_16.EnumAndIterator"/>
    <property name="os.arch" value="amd64"/>
    <property name="java.vm.specification.name" value="Java Virtual Machine Specification"/>
    <property name="java.awt.printerjob" value="sun.awt.windows.WPrinterJob"/>
    <property name="sun.os.patch.level" value=""/>
    <property name="java.library.path" value="C:\Program Files\Java\jdk-11.0.17\bin;C:\WINDOWS\Sun\Java\bin;C:\WINDOWS\system32;C:\WINDOWS;C:\Program Files\Common Files\Oracle\Java\javapath;C:\WINDOWS\system32;C:\WINDOWS;C:\WINDOWS\System32\Wbem;C:\WINDOWS\System32\WindowsPowerShell\v1.0\;C:\WINDOWS\System32\OpenSSH\;C:\Users\User\AppData\Roaming\nvm;C:\Program Files\nodejs;C:\Program Files\Git\cmd;C:\Program Files\apache-maven-3.8.7;C:\Program Files\PostgreSQL\15\pgAdmin 4\bin;C:\Program Files\Docker\Docker\resources\bin;C:\ProgramData\chocolatey\bin;C:\Program Files\hadoop-3.0.0\\bin;C:\Program Files\Microsoft VS Code\bin;C:\Users\User\AppData\Local\Programs\Python\Python310\Scripts\;C:\Users\User\AppData\Local\Programs\Python\Python310\;C:\Users\User\AppData\Local\Microsoft\WindowsApps;C:\Program Files\JetBrains\IntelliJ IDEA Community Edition 2022.1.3\bin;;C:\Users\User\AppData\Roaming\npm;C:\Users\User\AppData\Roaming\nvm;C:\Program Files\nodejs;C:\Program Files\PostgreSQL\15\pgAdmin 4\bin;D:\IntelliJ IDEA 2022.3.3\bin;;C:\Users\User\AppData\Local\GitHubDesktop\bin;C:\Users\User\AppData\Local\Programs\oh-my-posh\bin;."/>
    <property name="java.vendor" value="Oracle Corporation"/>
    <property name="java.vm.info" value="mixed mode"/>
    <property name="java.vm.version" value="11.0.17+10-LTS-269"/>
    <property name="sun.io.unicode.encoding" value="UnicodeLittle"/>
    <property name="java.class.version" value="55.0"/>
  </properties>
  <testcase name="hasMethodAddPerson" classname="EmployeesTest" time="0.091"/>
  <testcase name="firingWorks" classname="EmployeesTest" time="0.333"/>
  <testcase name="PersonnToString2" classname="EmployeesTest" time="0.002"/>
  <testcase name="hasMethodAddList" classname="EmployeesTest" time="0.001"/>
  <testcase name="filteredPrintingUsesIterator" classname="EmployeesTest" time="0.014"/>
  <testcase name="hasMethodPrint" classname="EmployeesTest" time="0"/>
  <testcase name="hasClassPerson" classname="EmployeesTest" time="0"/>
  <testcase name="hasEmployeesClass" classname="EmployeesTest" time="0.001"/>
  <testcase name="enumHasCorrectValues" classname="EmployeesTest" time="0.001"/>
  <testcase name="hasMethodFire" classname="EmployeesTest" time="0"/>
  <testcase name="printingUsesIterator" classname="EmployeesTest" time="0.004"/>
  <testcase name="filteredPrintingWorks" classname="EmployeesTest" time="0.001"/>
  <testcase name="PersonHasCorrectObjectVariables" classname="EmployeesTest" time="0.001"/>
  <testcase name="PersonHasCorrectConstructor" classname="EmployeesTest" time="0.001"/>
  <testcase name="testGetEducation" classname="EmployeesTest" time="0"/>
  <testcase name="printingWorks1" classname="EmployeesTest" time="0.003"/>
  <testcase name="printingWorks2" classname="EmployeesTest" time="0.002"/>
  <testcase name="printingWorks3" classname="EmployeesTest" time="0.002"/>
  <testcase name="hasEnumEducation" classname="EmployeesTest" time="0"/>
  <testcase name="PersonToString" classname="EmployeesTest" time="0.001"/>
  <testcase name="employeesHasCorrectConstructor" classname="EmployeesTest" time="0.001"/>
  <testcase name="firingWorks2" classname="EmployeesTest" time="0.002"/>
  <testcase name="firingWorks3" classname="EmployeesTest" time="0.004"/>
  <testcase name="firingWorks4" classname="EmployeesTest" time="0.002"/>
  <testcase name="filteredPrintingWorks1b" classname="EmployeesTest" time="0.002"/>
  <testcase name="getEducationWorks" classname="EmployeesTest" time="0.001"/>
  <testcase name="hasMethodPrintEducation" classname="EmployeesTest" time="0"/>
  <testcase name="firingUsesIterator" classname="EmployeesTest" time="0.004"/>
  <testcase name="getEducationThrowsNoError" classname="EmployeesTest" time="0"/>
  <testcase name="noUnnecessaryObjectVariables" classname="EmployeesTest" time="0.002"/>
</testsuite>